This file contains any messages produced by compilers while
running configure, to aid debugging if configure makes a mistake.

It was created by Aqua configure 0.9.0.1, which was
generated by GNU Autoconf 2.67.  Invocation command line was

  $ ./configure --no-create --no-recursion

## --------- ##
## Platform. ##
## --------- ##

hostname = PORTABLE
uname -m = i686
uname -r = 2.6.32-5-686
uname -s = Linux
uname -v = #1 SMP Sun May 6 04:01:19 UTC 2012

/usr/bin/uname -p = unknown
/bin/uname -X     = unknown

/bin/arch              = unknown
/usr/bin/arch -k       = unknown
/usr/convex/getsysinfo = unknown
/usr/bin/hostinfo      = unknown
/bin/machine           = unknown
/usr/bin/oslevel       = unknown
/bin/universe          = unknown

PATH: /usr/local/bin
PATH: /usr/bin
PATH: /bin
PATH: /usr/local/games
PATH: /usr/games


## ----------- ##
## Core tests. ##
## ----------- ##

configure:1902: checking for a BSD-compatible install
configure:1970: result: /usr/bin/install -c
configure:1981: checking whether build environment is sane
configure:2018: result: yes
configure:2080: checking for gawk
configure:2110: result: no
configure:2080: checking for mawk
configure:2096: found /usr/bin/mawk
configure:2107: result: mawk
configure:2118: checking whether make sets $(MAKE)
configure:2140: result: yes
configure:2369: checking for gcc
configure:2385: found /usr/bin/gcc
configure:2396: result: gcc
configure:2625: checking for C compiler version
configure:2634: gcc --version >&5
gcc (Debian 4.4.5-8) 4.4.5
Copyright (C) 2010 Free Software Foundation, Inc.
This is free software; see the source for copying conditions.  There is NO
warranty; not even for MERCHANTABILITY or FITNESS FOR A PARTICULAR PURPOSE.

configure:2645: $? = 0
configure:2634: gcc -v >&5
Using built-in specs.
Target: i486-linux-gnu
Configured with: ../src/configure -v --with-pkgversion='Debian 4.4.5-8' --with-bugurl=file:///usr/share/doc/gcc-4.4/README.Bugs --enable-languages=c,c++,fortran,objc,obj-c++ --prefix=/usr --program-suffix=-4.4 --enable-shared --enable-multiarch --enable-linker-build-id --with-system-zlib --libexecdir=/usr/lib --without-included-gettext --enable-threads=posix --with-gxx-include-dir=/usr/include/c++/4.4 --libdir=/usr/lib --enable-nls --enable-clocale=gnu --enable-libstdcxx-debug --enable-objc-gc --enable-targets=all --with-arch-32=i586 --with-tune=generic --enable-checking=release --build=i486-linux-gnu --host=i486-linux-gnu --target=i486-linux-gnu
Thread model: posix
gcc version 4.4.5 (Debian 4.4.5-8) 
configure:2645: $? = 0
configure:2634: gcc -V >&5
gcc: '-V' option must have argument
configure:2645: $? = 1
configure:2634: gcc -qversion >&5
gcc: unrecognized option '-qversion'
gcc: no input files
configure:2645: $? = 1
configure:2665: checking whether the C compiler works
configure:2687: gcc    conftest.c  >&5
configure:2691: $? = 0
configure:2739: result: yes
configure:2742: checking for C compiler default output file name
configure:2744: result: a.out
configure:2750: checking for suffix of executables
configure:2757: gcc -o conftest    conftest.c  >&5
configure:2761: $? = 0
configure:2783: result: 
configure:2805: checking whether we are cross compiling
configure:2813: gcc -o conftest    conftest.c  >&5
configure:2817: $? = 0
configure:2824: ./conftest
configure:2828: $? = 0
configure:2843: result: no
configure:2848: checking for suffix of object files
configure:2870: gcc -c   conftest.c >&5
configure:2874: $? = 0
configure:2895: result: o
configure:2899: checking whether we are using the GNU C compiler
configure:2918: gcc -c   conftest.c >&5
configure:2918: $? = 0
configure:2927: result: yes
configure:2936: checking whether gcc accepts -g
configure:2956: gcc -c -g  conftest.c >&5
configure:2956: $? = 0
configure:2997: result: yes
configure:3014: checking for gcc option to accept ISO C89
configure:3078: gcc  -c -g -O2  conftest.c >&5
configure:3078: $? = 0
configure:3091: result: none needed
configure:3122: checking for style of include used by make
configure:3150: result: GNU
configure:3178: checking dependency style of gcc
configure:3268: result: gcc3
configure:3286: checking whether gcc and cc understand -c and -o together
configure:3317: gcc -c conftest.c -o conftest2.o >&5
configure:3321: $? = 0
configure:3327: gcc -c conftest.c -o conftest2.o >&5
configure:3331: $? = 0
configure:3342: cc -c conftest.c >&5
configure:3346: $? = 0
configure:3354: cc -c conftest.c -o conftest2.o >&5
configure:3358: $? = 0
configure:3364: cc -c conftest.c -o conftest2.o >&5
configure:3368: $? = 0
configure:3386: result: yes
configure:3497: checking for pkg-config
configure:3515: found /usr/bin/pkg-config
configure:3527: result: /usr/bin/pkg-config
configure:3552: checking pkg-config is at least version 0.16
configure:3555: result: yes
configure:3572: checking for GLIB - version >= 2.0.0
configure:3686: gcc -o conftest -g -O2 -pthread -I/usr/include/glib-2.0 -I/usr/lib/glib-2.0/include     conftest.c -pthread -lgobject-2.0 -lgthread-2.0 -lrt -lglib-2.0    >&5
configure:3686: $? = 0
configure:3686: ./conftest
configure:3686: $? = 0
configure:3700: result: yes (version 2.24.2)
configure:3788: checking for pkg-config
configure:3819: result: /usr/bin/pkg-config
configure:3841: checking for GTK+ - version >= 2.0.0
configure:3951: gcc -o conftest -g -O2 -pthread -I/usr/include/gtk-2.0 -I/usr/lib/gtk-2.0/include -I/usr/include/atk-1.0 -I/usr/include/cairo -I/usr/include/pango-1.0 -I/usr/include/gio-unix-2.0/ -I/usr/include/pixman-1 -I/usr/include/freetype2 -I/usr/include/libpng12 -I/usr/include/glib-2.0 -I/usr/lib/glib-2.0/include     conftest.c -pthread -lgtk-x11-2.0 -lgdk-x11-2.0 -latk-1.0 -lpangoft2-1.0 -lgdk_pixbuf-2.0 -lm -lpangocairo-1.0 -lcairo -lgio-2.0 -lpango-1.0 -lfreetype -lfontconfig -lgobject-2.0 -lgmodule-2.0 -lgthread-2.0 -lrt -lglib-2.0    >&5
configure:3951: $? = 0
configure:3951: ./conftest
configure:3951: $? = 0
configure:3965: result: yes (version 2.20.1)
configure:4142: creating ./config.status

## ---------------- ##
## Cache variables. ##
## ---------------- ##

ac_cv_c_compiler_gnu=yes
ac_cv_env_CC_set=
ac_cv_env_CC_value=
ac_cv_env_CFLAGS_set=
ac_cv_env_CFLAGS_value=
ac_cv_env_CPPFLAGS_set=
ac_cv_env_CPPFLAGS_value=
ac_cv_env_LDFLAGS_set=
ac_cv_env_LDFLAGS_value=
ac_cv_env_LIBS_set=
ac_cv_env_LIBS_value=
ac_cv_env_PKG_CONFIG_LIBDIR_set=
ac_cv_env_PKG_CONFIG_LIBDIR_value=
ac_cv_env_PKG_CONFIG_PATH_set=
ac_cv_env_PKG_CONFIG_PATH_value=
ac_cv_env_PKG_CONFIG_set=
ac_cv_env_PKG_CONFIG_value=
ac_cv_env_build_alias_set=
ac_cv_env_build_alias_value=
ac_cv_env_host_alias_set=
ac_cv_env_host_alias_value=
ac_cv_env_target_alias_set=
ac_cv_env_target_alias_value=
ac_cv_objext=o
ac_cv_path_PKG_CONFIG=/usr/bin/pkg-config
ac_cv_path_ac_pt_PKG_CONFIG=/usr/bin/pkg-config
ac_cv_path_install='/usr/bin/install -c'
ac_cv_prog_AWK=mawk
ac_cv_prog_ac_ct_CC=gcc
ac_cv_prog_cc_c89=
ac_cv_prog_cc_g=yes
ac_cv_prog_cc_gcc_c_o=yes
ac_cv_prog_make_make_set=yes
am_cv_CC_dependencies_compiler_type=gcc3

## ----------------- ##
## Output variables. ##
## ----------------- ##

ACLOCAL='${SHELL} /home/laurent/Dropbox/cours_c/projet_1/aqua/missing --run aclocal-1.9'
AMDEPBACKSLASH='\'
AMDEP_FALSE='#'
AMDEP_TRUE=''
AMTAR='${SHELL} /home/laurent/Dropbox/cours_c/projet_1/aqua/missing --run tar'
AUTOCONF='${SHELL} /home/laurent/Dropbox/cours_c/projet_1/aqua/missing --run autoconf'
AUTOHEADER='${SHELL} /home/laurent/Dropbox/cours_c/projet_1/aqua/missing --run autoheader'
AUTOMAKE='${SHELL} /home/laurent/Dropbox/cours_c/projet_1/aqua/missing --run automake-1.9'
AWK='mawk'
CC='gcc'
CCDEPMODE='depmode=gcc3'
CFLAGS='-g -O2'
CPPFLAGS=''
CYGPATH_W='echo'
DEFS='-DHAVE_CONFIG_H'
DEPDIR='.deps'
ECHO_C=''
ECHO_N='-n'
ECHO_T=''
EXEEXT=''
GLIB_CFLAGS='-pthread -I/usr/include/glib-2.0 -I/usr/lib/glib-2.0/include  '
GLIB_GENMARSHAL='glib-genmarshal'
GLIB_LIBS='-pthread -lgobject-2.0 -lgthread-2.0 -lrt -lglib-2.0  '
GLIB_MKENUMS='glib-mkenums'
GOBJECT_QUERY='gobject-query'
GTK_CFLAGS='-pthread -I/usr/include/gtk-2.0 -I/usr/lib/gtk-2.0/include -I/usr/include/atk-1.0 -I/usr/include/cairo -I/usr/include/pango-1.0 -I/usr/include/gio-unix-2.0/ -I/usr/include/pixman-1 -I/usr/include/freetype2 -I/usr/include/libpng12 -I/usr/include/glib-2.0 -I/usr/lib/glib-2.0/include  '
GTK_LIBS='-pthread -lgtk-x11-2.0 -lgdk-x11-2.0 -latk-1.0 -lpangoft2-1.0 -lgdk_pixbuf-2.0 -lm -lpangocairo-1.0 -lcairo -lgio-2.0 -lpango-1.0 -lfreetype -lfontconfig -lgobject-2.0 -lgmodule-2.0 -lgthread-2.0 -lrt -lglib-2.0  '
INSTALL_DATA='${INSTALL} -m 644'
INSTALL_PROGRAM='${INSTALL}'
INSTALL_SCRIPT='${INSTALL}'
INSTALL_STRIP_PROGRAM='${SHELL} $(install_sh) -c -s'
LDFLAGS=''
LIBOBJS=''
LIBS=''
LTLIBOBJS=''
MAKEINFO='${SHELL} /home/laurent/Dropbox/cours_c/projet_1/aqua/missing --run makeinfo'
OBJEXT='o'
PACKAGE='Aqua'
PACKAGE_BUGREPORT='webmaster@super-annonce.fr'
PACKAGE_NAME='Aqua'
PACKAGE_STRING='Aqua 0.9.0.1'
PACKAGE_TARNAME='aqua'
PACKAGE_URL=''
PACKAGE_VERSION='0.9.0.1'
PATH_SEPARATOR=':'
PKG_CONFIG='/usr/bin/pkg-config'
PKG_CONFIG_LIBDIR=''
PKG_CONFIG_PATH=''
SET_MAKE=''
SHELL='/bin/bash'
STRIP=''
VERSION='0.9.0.1'
ac_ct_CC='gcc'
am__fastdepCC_FALSE='#'
am__fastdepCC_TRUE=''
am__include='include'
am__leading_dot='.'
am__quote=''
am__tar='${AMTAR} chof - "$$tardir"'
am__untar='${AMTAR} xf -'
bindir='${exec_prefix}/bin'
build_alias=''
datadir='${datarootdir}'
datarootdir='${prefix}/share'
docdir='${datarootdir}/doc/${PACKAGE_TARNAME}'
dvidir='${docdir}'
exec_prefix='${prefix}'
host_alias=''
htmldir='${docdir}'
includedir='${prefix}/include'
infodir='${datarootdir}/info'
install_sh='/home/laurent/Dropbox/cours_c/projet_1/aqua/install-sh'
libdir='${exec_prefix}/lib'
libexecdir='${exec_prefix}/libexec'
localedir='${datarootdir}/locale'
localstatedir='${prefix}/var'
mandir='${datarootdir}/man'
mkdir_p='mkdir -p --'
oldincludedir='/usr/include'
pdfdir='${docdir}'
prefix='/usr/local'
program_transform_name='s,x,x,'
psdir='${docdir}'
sbindir='${exec_prefix}/sbin'
sharedstatedir='${prefix}/com'
sysconfdir='${prefix}/etc'
target_alias=''

## ----------- ##
## confdefs.h. ##
## ----------- ##

/* confdefs.h */
#define PACKAGE_NAME "Aqua"
#define PACKAGE_TARNAME "aqua"
#define PACKAGE_VERSION "0.9.0.1"
#define PACKAGE_STRING "Aqua 0.9.0.1"
#define PACKAGE_BUGREPORT "webmaster@super-annonce.fr"
#define PACKAGE_URL ""
#define PACKAGE "Aqua"
#define VERSION "0.9.0.1"

configure: exit 0

## ---------------------- ##
## Running config.status. ##
## ---------------------- ##

This file was extended by Aqua config.status 0.9.0.1, which was
generated by GNU Autoconf 2.67.  Invocation command line was

  CONFIG_FILES    = 
  CONFIG_HEADERS  = 
  CONFIG_LINKS    = 
  CONFIG_COMMANDS = 
  $ ./config.status 

on PORTABLE

config.status:853: creating Makefile
config.status:853: creating src/Makefile
config.status:853: creating data/Makefile
config.status:853: creating images/Makefile
config.status:853: creating config.h
config.status:1074: executing depfiles commands

## ---------------------- ##
## Running config.status. ##
## ---------------------- ##

This file was extended by Aqua config.status 0.9.0.1, which was
generated by GNU Autoconf 2.67.  Invocation command line was

  CONFIG_FILES    = 
  CONFIG_HEADERS  = 
  CONFIG_LINKS    = 
  CONFIG_COMMANDS = 
  $ ./config.status config.h

on PORTABLE

config.status:853: creating config.h
